{
  "stats": {
    "suites": 1,
    "tests": 5,
    "passes": 5,
    "pending": 0,
    "failures": 0,
    "start": "2021-11-26T08:05:40.497Z",
    "end": "2021-11-26T08:05:43.455Z",
    "duration": 2958,
    "testsRegistered": 5,
    "passPercent": 100,
    "pendingPercent": 0,
    "other": 0,
    "hasOther": false,
    "skipped": 0,
    "hasSkipped": false
  },
  "results": [
    {
      "uuid": "3df11d69-de6e-4f06-ad7e-c4369de4ca4b",
      "title": "",
      "fullFile": "cypress/integration/backend-auth.spec.js",
      "file": "cypress/integration/backend-auth.spec.js",
      "beforeHooks": [],
      "afterHooks": [],
      "tests": [],
      "suites": [
        {
          "uuid": "65d03694-a73e-4941-999f-333bb3224e91",
          "title": "testing auth",
          "fullFile": "",
          "file": "",
          "beforeHooks": [],
          "afterHooks": [],
          "tests": [
            {
              "title": "test case 1 - check room",
              "fullTitle": "testing auth test case 1 - check room",
              "timedOut": null,
              "duration": 667,
              "state": "passed",
              "speed": "fast",
              "pass": true,
              "fail": false,
              "pending": false,
              "context": null,
              "code": "roomHelpers.getAllRoomsRequest(cy);",
              "err": {},
              "uuid": "2edb0689-42f3-4c44-9f5c-d63cc00b24e0",
              "parentUUID": "65d03694-a73e-4941-999f-333bb3224e91",
              "isHook": false,
              "skipped": false
            },
            {
              "title": "test case 2 - Create a room",
              "fullTitle": "testing auth test case 2 - Create a room",
              "timedOut": null,
              "duration": 551,
              "state": "passed",
              "speed": "fast",
              "pass": true,
              "fail": false,
              "pending": false,
              "context": null,
              "code": "roomHelpers.createRoomRequest(cy);",
              "err": {},
              "uuid": "dae9f872-c0a1-4945-a8f4-abb0ea1f7600",
              "parentUUID": "65d03694-a73e-4941-999f-333bb3224e91",
              "isHook": false,
              "skipped": false
            },
            {
              "title": "test case 3 - Create a room and delete",
              "fullTitle": "testing auth test case 3 - Create a room and delete",
              "timedOut": null,
              "duration": 590,
              "state": "passed",
              "speed": "fast",
              "pass": true,
              "fail": false,
              "pending": false,
              "context": null,
              "code": "createDelHelpersRoom.createAndDeleteRoom(cy);",
              "err": {},
              "uuid": "16a770b7-0f55-4c89-9687-c2c39d4523d4",
              "parentUUID": "65d03694-a73e-4941-999f-333bb3224e91",
              "isHook": false,
              "skipped": false
            },
            {
              "title": "test case 4 - Create a bill",
              "fullTitle": "testing auth test case 4 - Create a bill",
              "timedOut": null,
              "duration": 542,
              "state": "passed",
              "speed": "fast",
              "pass": true,
              "fail": false,
              "pending": false,
              "context": null,
              "code": "billHelpers.createBillRequest(cy);",
              "err": {},
              "uuid": "1f25191e-0a3a-4cb4-9a0a-d1f142008b28",
              "parentUUID": "65d03694-a73e-4941-999f-333bb3224e91",
              "isHook": false,
              "skipped": false
            },
            {
              "title": "test case 5 - Create a bill and delete",
              "fullTitle": "testing auth test case 5 - Create a bill and delete",
              "timedOut": null,
              "duration": 551,
              "state": "passed",
              "speed": "fast",
              "pass": true,
              "fail": false,
              "pending": false,
              "context": null,
              "code": "createDelHelpersBill.createAndDeleteBill(cy);",
              "err": {},
              "uuid": "02686e44-3d89-4732-a6ec-0eae6dd5545f",
              "parentUUID": "65d03694-a73e-4941-999f-333bb3224e91",
              "isHook": false,
              "skipped": false
            }
          ],
          "suites": [],
          "passes": [
            "2edb0689-42f3-4c44-9f5c-d63cc00b24e0",
            "dae9f872-c0a1-4945-a8f4-abb0ea1f7600",
            "16a770b7-0f55-4c89-9687-c2c39d4523d4",
            "1f25191e-0a3a-4cb4-9a0a-d1f142008b28",
            "02686e44-3d89-4732-a6ec-0eae6dd5545f"
          ],
          "failures": [],
          "pending": [],
          "skipped": [],
          "duration": 2901,
          "root": false,
          "rootEmpty": false,
          "_timeout": 2000
        }
      ],
      "passes": [],
      "failures": [],
      "pending": [],
      "skipped": [],
      "duration": 0,
      "root": true,
      "rootEmpty": true,
      "_timeout": 2000
    }
  ],
  "meta": {
    "mocha": {
      "version": "7.0.1"
    },
    "mochawesome": {
      "options": {
        "quiet": false,
        "reportFilename": "mochawesome",
        "saveHtml": true,
        "saveJson": true,
        "consoleReporter": "spec",
        "useInlineDiffs": false,
        "code": true
      },
      "version": "7.0.1"
    },
    "marge": {
      "options": null,
      "version": "6.0.1"
    }
  }
}