{
  "stats": {
    "suites": 1,
    "tests": 1,
    "passes": 1,
    "pending": 0,
    "failures": 0,
    "start": "2021-11-26T13:48:56.849Z",
    "end": "2021-11-26T13:48:57.747Z",
    "duration": 898,
    "testsRegistered": 1,
    "passPercent": 100,
    "pendingPercent": 0,
    "other": 0,
    "hasOther": false,
    "skipped": 0,
    "hasSkipped": false
  },
  "results": [
    {
      "uuid": "7fcde970-9d01-432c-9cae-371e0475385f",
      "title": "",
      "fullFile": "cypress/integration/backend-auth.spec.js",
      "file": "cypress/integration/backend-auth.spec.js",
      "beforeHooks": [],
      "afterHooks": [],
      "tests": [],
      "suites": [
        {
          "uuid": "41ca2c29-24a0-48a6-b489-1310de3f0c16",
          "title": "testing auth",
          "fullFile": "",
          "file": "",
          "beforeHooks": [],
          "afterHooks": [],
          "tests": [
            {
              "title": "test case 5 - Create a bill and delete",
              "fullTitle": "testing auth test case 5 - Create a bill and delete",
              "timedOut": null,
              "duration": 866,
              "state": "passed",
              "speed": "fast",
              "pass": true,
              "fail": false,
              "pending": false,
              "context": null,
              "code": "createDelHelpersBill.createAndDeleteBill(cy);",
              "err": {},
              "uuid": "f43e9dca-c56d-42c4-a783-324c56a7c972",
              "parentUUID": "41ca2c29-24a0-48a6-b489-1310de3f0c16",
              "isHook": false,
              "skipped": false
            }
          ],
          "suites": [],
          "passes": [
            "f43e9dca-c56d-42c4-a783-324c56a7c972"
          ],
          "failures": [],
          "pending": [],
          "skipped": [],
          "duration": 866,
          "root": false,
          "rootEmpty": false,
          "_timeout": 2000
        }
      ],
      "passes": [],
      "failures": [],
      "pending": [],
      "skipped": [],
      "duration": 0,
      "root": true,
      "rootEmpty": true,
      "_timeout": 2000
    }
  ],
  "meta": {
    "mocha": {
      "version": "7.0.1"
    },
    "mochawesome": {
      "options": {
        "quiet": false,
        "reportFilename": "mochawesome",
        "saveHtml": true,
        "saveJson": true,
        "consoleReporter": "spec",
        "useInlineDiffs": false,
        "code": true
      },
      "version": "7.0.1"
    },
    "marge": {
      "options": null,
      "version": "6.0.1"
    }
  }
}